# JRE version: Java(TM) SE Runtime Environment (7.0_71-b14) (build 1.7.0_71-b14)
# Java VM: Java HotSpot(TM) 64-Bit Server VM (24.71-b01 mixed mode windows-amd64 compressed oops)
Heap
 PSYoungGen      total 38400K, used 6064K [0x00000007d5700000, 0x00000007d8180000, 0x0000000800000000)
  eden space 33280K, 2% used [0x00000007d5700000,0x00000007d57eeb30,0x00000007d7780000)
  from space 5120K, 99% used [0x00000007d7c80000,0x00000007d817d880,0x00000007d8180000)
  to   space 5120K, 0% used [0x00000007d7780000,0x00000007d7780000,0x00000007d7c80000)
 ParOldGen       total 87040K, used 12009K [0x0000000780600000, 0x0000000785b00000, 0x00000007d5700000)
  object space 87040K, 13% used [0x0000000780600000,0x00000007811ba520,0x0000000785b00000)
 PSPermGen       total 21504K, used 20657K [0x000000077b400000, 0x000000077c900000, 0x0000000780600000)
  object space 21504K, 96% used [0x000000077b400000,0x000000077c82c578,0x000000077c900000)
GC Heap History (4 events):
Event: 4.801 GC heap before
{Heap before GC invocations=1 (full 0):
 PSYoungGen      total 38400K, used 33280K [0x00000007d5700000, 0x00000007d8180000, 0x0000000800000000)
  eden space 33280K, 100% used [0x00000007d5700000,0x00000007d7780000,0x00000007d7780000)
  from space 5120K, 0% used [0x00000007d7c80000,0x00000007d7c80000,0x00000007d8180000)
  to   space 5120K, 0% used [0x00000007d7780000,0x00000007d7780000,0x00000007d7c80000)
 ParOldGen       total 87040K, used 0K [0x0000000780600000, 0x0000000785b00000, 0x00000007d5700000)
  object space 87040K, 0% used [0x0000000780600000,0x0000000780600000,0x0000000785b00000)
 PSPermGen       total 21504K, used 19271K [0x000000077b400000, 0x000000077c900000, 0x0000000780600000)
  object space 21504K, 89% used [0x000000077b400000,0x000000077c6d1df0,0x000000077c900000)
Event: 4.809 GC heap after
Heap after GC invocations=1 (full 0):
 PSYoungGen      total 38400K, used 5104K [0x00000007d5700000, 0x00000007d8180000, 0x0000000800000000)
  eden space 33280K, 0% used [0x00000007d5700000,0x00000007d5700000,0x00000007d7780000)
  from space 5120K, 99% used [0x00000007d7780000,0x00000007d7c7c190,0x00000007d7c80000)
  to   space 5120K, 0% used [0x00000007d7c80000,0x00000007d7c80000,0x00000007d8180000)
 ParOldGen       total 87040K, used 2430K [0x0000000780600000, 0x0000000785b00000, 0x00000007d5700000)
  object space 87040K, 2% used [0x0000000780600000,0x000000078085faa8,0x0000000785b00000)
 PSPermGen       total 21504K, used 19271K [0x000000077b400000, 0x000000077c900000, 0x0000000780600000)
  object space 21504K, 89% used [0x000000077b400000,0x000000077c6d1df0,0x000000077c900000)
}
Event: 8.588 GC heap before
{Heap before GC invocations=2 (full 0):
 PSYoungGen      total 38400K, used 38384K [0x00000007d5700000, 0x00000007d8180000, 0x0000000800000000)
  eden space 33280K, 100% used [0x00000007d5700000,0x00000007d7780000,0x00000007d7780000)
  from space 5120K, 99% used [0x00000007d7780000,0x00000007d7c7c190,0x00000007d7c80000)
  to   space 5120K, 0% used [0x00000007d7c80000,0x00000007d7c80000,0x00000007d8180000)
 ParOldGen       total 87040K, used 2430K [0x0000000780600000, 0x0000000785b00000, 0x00000007d5700000)
  object space 87040K, 2% used [0x0000000780600000,0x000000078085faa8,0x0000000785b00000)
 PSPermGen       total 21504K, used 20653K [0x000000077b400000, 0x000000077c900000, 0x0000000780600000)
  object space 21504K, 96% used [0x000000077b400000,0x000000077c82b778,0x000000077c900000)
Event: 8.597 GC heap after
Heap after GC invocations=2 (full 0):
 PSYoungGen      total 38400K, used 5110K [0x00000007d5700000, 0x00000007d8180000, 0x0000000800000000)
  eden space 33280K, 0% used [0x00000007d5700000,0x00000007d5700000,0x00000007d7780000)
  from space 5120K, 99% used [0x00000007d7c80000,0x00000007d817d880,0x00000007d8180000)
  to   space 5120K, 0% used [0x00000007d7780000,0x00000007d7780000,0x00000007d7c80000)
 ParOldGen       total 87040K, used 12009K [0x0000000780600000, 0x0000000785b00000, 0x00000007d5700000)
  object space 87040K, 13% used [0x0000000780600000,0x00000007811ba520,0x0000000785b00000)
 PSPermGen       total 21504K, used 20653K [0x000000077b400000, 0x000000077c900000, 0x0000000780600000)
  object space 21504K, 96% used [0x000000077b400000,0x000000077c82b778,0x000000077c900000)
}

